[LOG] System::create                           : Header version = 2.02.08. Current version = 2.02.07.
[LOG] Manager::init                            : maxchannels = 256 studioflags = 00000006 flags 00000000 extradriverdata 0000000000000000.
[LOG] SystemI::init                            : Initialize version=20207 (125130), maxchannels=256, flags=0x00020000
[LOG] SystemI::setOutputInternal               : Setting output to 'FMOD WASAPI Output'
[LOG] OutputWASAPI::init                       : Mix Format (WAVEFORMATEX): wFormatTag=0xFFFE, nChannels=2, nSamplesPerSec=48000, nAvgBytesPerSec=384000, nBlockAlign=8, wBitsPerSample=32, cbSize=22.
[LOG] OutputWASAPI::init                       : Mix Format (WAVEFORMATEXTENSIBLE): wValidBitsPerSample=32, dwChannelMask=0x00000003, SubFormat=00000003-0000-0010-8000-00AA00389B71.
[LOG] OutputWASAPI::init                       : Output buffer size: 4096 samples, latency: 0.00ms, period: 10.00ms, DSP buffer: 1024 * 4
[LOG] Thread::initThread                       : Init FMOD stream thread. Affinity: 0x4000000000000003, Priority: 0xFFFF7FFB, Stack Size: 98304, Semaphore: No, Sleep Time: 10, Looping: Yes.
[LOG] Thread::initThread                       : Init FMOD mixer thread. Affinity: 0x4000000000000001, Priority: 0xFFFF7FFA, Stack Size: 81920, Semaphore: No, Sleep Time: 0, Looping: Yes.
<<<<<<< HEAD
[LOG] AsyncManager::init                       : manager 00000203FDE4C478 isAsync 0 updatePeriod 0.02
=======
[LOG] AsyncManager::init                       : manager 000001537A4A8E08 isAsync 0 updatePeriod 0.02
>>>>>>> main
[LOG] AsyncManager::init                       : done
[LOG] PlaybackSystem::init                     : 
[LOG] Thread::initThread                       : Init FMOD Studio sample load thread. Affinity: 0x4000000000000003, Priority: 0xFFFF7FFD, Stack Size: 98304, Semaphore: No, Sleep Time: 1, Looping: No.
[LOG] PlaybackSystem::init                     : done
[LOG] Thread::initThread                       : Init FMOD Studio bank load thread. Affinity: 0x4000000000000003, Priority: 0xFFFF7FFD, Stack Size: 98304, Semaphore: No, Sleep Time: 1, Looping: No.
[LOG] Manager::init                            : done.
[LOG] Manager::readBank                        : fileversion = 142, compatVersion = 140 (oldest = 44, newest = 142)
[LOG] Manager::readBank                        : fileversion = 142, compatVersion = 140 (oldest = 44, newest = 142)
[LOG] Manager::readBank                        : fileversion = 142, compatVersion = 140 (oldest = 44, newest = 142)
[LOG] PlaybackSystem::acquireMasterBus         : Setting master channel group format to 3
[LOG] SystemI::createSoundInternal             : Create name='', mode=0x02000202
[LOG] SystemI::createSoundInternal             : exinfo->cbsize             = 224
[LOG] SystemI::createSoundInternal             : exinfo->length             = 4633952
[LOG] SystemI::createSoundInternal             : exinfo->fileoffset         = 34144
[LOG] SystemI::createSoundInternal             : exinfo->numsubsounds       = 1
[LOG] SystemI::createSoundInternal             : exinfo->inclusionlist      = 0000002BA86CEED8
[LOG] SystemI::createSoundInternal             : exinfo->inclusionlistnum   = 1
[LOG] SystemI::createSoundInternal             : exinfo->suggestedsoundtype = 5
[LOG] SystemI::createSoundInternal             : exinfo->useropen           = 00007FFB208C46D0
[LOG] SystemI::createSoundInternal             : exinfo->userclose          = 00007FFB208C46A0
[LOG] SystemI::createSoundInternal             : exinfo->userread           = 00007FFB208C47A0
[LOG] SystemI::createSoundInternal             : exinfo->userseek           = 00007FFB208C4860
[LOG] SystemI::createSoundInternal             : exinfo->fileuserdata       = 00000152A2CED978
[LOG] SystemI::createSoundInternal             : exinfo->initialseekpostype = 1
[LOG] SystemI::DSPCodecPoolRegister            : register codec pool for pool type 7
[LOG] SystemI::createSoundInternal             : Sample 0/1: name='Ui Sound', format=2, channels=2, frequency=24000, lengthbytes=26336, lengthpcm=24064, pcmblocksize=256, loopstart=0, loopend=0, mode=0x00000000, channelmask=0x00000000, channelorder=0, peakvolume=0.093292.
[LOG] SystemI::createSound                     : filename = FMOD/Mobile/Master.bank : mode 02010082
[LOG] SystemI::createSound                     : FMOD_NONBLOCKING specified.  Putting into queue to be opened asynchronously!
[LOG] SystemI::createSound                     : setdata soundi = 00000152C496C0B8 : node = 0000015297C1EB30
[LOG] SystemI::createSound                     : add node to async list : head = 000001535327CB28.  list count = 0
[LOG] SystemI::createSound                     : filename = FMOD/Mobile/Master.bank : mode 02010082
[LOG] AsyncThread::threadFunc                  : Starting Asynchronous operation on sound 00000152C496C0B8
[LOG] SystemI::createSound                     : FMOD_NONBLOCKING specified.  Putting into queue to be opened asynchronously!
[LOG] SystemI::createSoundInternal             :     Create name='FMOD/Mobile/Master.bank', mode=0x02010082
[LOG] SystemI::createSound                     :     setdata soundi = 00000152C496B4E8 : node = 0000015297C1E770
[LOG] SystemI::createSoundInternal             :     exinfo->cbsize             = 224
[LOG] SystemI::createSound                     :     add node to async list : head = 000001535327CB28.  list count = 0
[LOG] SystemI::createSoundInternal             :     exinfo->length             = 4633952
[LOG] SystemI::createSound                     :     filename = FMOD/Mobile/Master.bank : mode 02010082
[LOG] SystemI::createSoundInternal             :     exinfo->fileoffset         = 34144
[LOG] SystemI::createSound                     :     FMOD_NONBLOCKING specified.  Putting into queue to be opened asynchronously!
[LOG] SystemI::createSoundInternal             :     exinfo->numsubsounds       = 1
[LOG] SystemI::createSound                     :     setdata soundi = 00000152C496B698 : node = 0000015297C1EDB0
[LOG] SystemI::createSoundInternal             :     exinfo->inclusionlist      = 0000015297C1EC40
[LOG] SystemI::createSound                     :     add node to async list : head = 000001535327CB28.  list count = 1
[LOG] SystemI::createSoundInternal             :     exinfo->inclusionlistnum   = 1
[LOG] SystemI::createSoundInternal             :     exinfo->suggestedsoundtype = 5
[LOG] SystemI::createSoundInternal             :     exinfo->initialseekposition = 11294
[LOG] SystemI::createSoundInternal             :     exinfo->initialseekpostype = 1
[LOG] SystemI::createSoundInternal             :     Stream 0/1: name='Stems LVL 1 Remake PAD1', format=2, channels=2, frequency=24000, lengthbytes=593056, lengthpcm=542208, pcmblocksize=256, loopstart=0, loopend=0, mode=0x00000000, channelmask=0x00000000, channelorder=0, peakvolume=0.329224.
[LOG] AsyncThread::threadFunc                  : Finished Asynchronous operation on sound 00000152C496C0B8
[LOG] AsyncThread::threadFunc                  : Starting Asynchronous operation on sound 00000152C496B4E8
[LOG] SystemI::createSoundInternal             :     Create name='FMOD/Mobile/Master.bank', mode=0x02010082
[LOG] SystemI::createSoundInternal             :     exinfo->cbsize             = 224
[LOG] SystemI::createSoundInternal             :     exinfo->length             = 4633952
[LOG] SystemI::createSoundInternal             :     exinfo->fileoffset         = 34144
[LOG] SystemI::createSoundInternal             :     exinfo->numsubsounds       = 1
[LOG] SystemI::createSoundInternal             :     exinfo->inclusionlist      = 0000015297C1E880
[LOG] SystemI::createSoundInternal             :     exinfo->inclusionlistnum   = 1
[LOG] SystemI::createSoundInternal             :     exinfo->suggestedsoundtype = 5
[LOG] SystemI::createSoundInternal             :     exinfo->initialseekposition = 11294
[LOG] SystemI::createSoundInternal             :     exinfo->initialseekpostype = 1
[LOG] SystemI::createSoundInternal             :     Stream 0/1: name='Stems LVL 1 Remake PAD 2', format=2, channels=2, frequency=24000, lengthbytes=593056, lengthpcm=542208, pcmblocksize=256, loopstart=0, loopend=0, mode=0x00000000, channelmask=0x00000000, channelorder=0, peakvolume=0.219299.
[LOG] AsyncThread::threadFunc                  : Finished Asynchronous operation on sound 00000152C496B4E8
[LOG] AsyncThread::threadFunc                  : Starting Asynchronous operation on sound 00000152C496B698
[LOG] SystemI::createSoundInternal             :     Create name='FMOD/Mobile/Master.bank', mode=0x02010082
[LOG] SystemI::createSoundInternal             :     exinfo->cbsize             = 224
[LOG] SystemI::createSoundInternal             :     exinfo->length             = 4633952
[LOG] SystemI::createSoundInternal             :     exinfo->fileoffset         = 34144
[LOG] SystemI::createSoundInternal             :     exinfo->numsubsounds       = 1
[LOG] SystemI::createSoundInternal             :     exinfo->inclusionlist      = 0000015297C1EEC0
[LOG] SystemI::createSoundInternal             :     exinfo->inclusionlistnum   = 1
[LOG] SystemI::createSoundInternal             :     exinfo->suggestedsoundtype = 5
[LOG] SystemI::createSoundInternal             :     exinfo->initialseekposition = 11294
[LOG] SystemI::createSoundInternal             :     exinfo->initialseekpostype = 1
[LOG] SystemI::createSoundInternal             :     Stream 0/1: name='Stems LVL 1 Remake ARP 2', format=2, channels=2, frequency=24000, lengthbytes=593056, lengthpcm=542208, pcmblocksize=256, loopstart=0, loopend=0, mode=0x00000000, channelmask=0x00000000, channelorder=0, peakvolume=0.105927.
[LOG] AsyncThread::threadFunc                  : Finished Asynchronous operation on sound 00000152C496B698
[LOG] SoundI::release                          : Menu OST (0000015352BF8D48)
[LOG] SoundI::release                          :     Menu OST (00000152A27FCD98)
[LOG] SoundI::release                          :     Menu OST (0000015029D04858)
[LOG] Codec::release                           : Free PCM Buffer
[LOG] SoundI::release                          : Stems LVL 1 Remake ARP 2 (00000152C496B698)
[LOG] SoundI::release                          :     Stems LVL 1 Remake ARP 2 (000001535842B2A8)
[LOG] SoundI::release                          :     Stems LVL 1 Remake ARP 2 (0000015299584ED8)
[LOG] Codec::release                           : Free PCM Buffer
[LOG] SoundI::release                          : Stems LVL 1 Remake PAD 2 (00000152C496B4E8)
[LOG] SoundI::release                          :     Stems LVL 1 Remake PAD 2 (000001535842B108)
[LOG] SoundI::release                          :     Stems LVL 1 Remake PAD 2 (00000152995858F8)
[LOG] Codec::release                           : Free PCM Buffer
[LOG] SoundI::release                          : Stems LVL 1 Remake PAD1 (00000152C496C0B8)
[LOG] SoundI::release                          :     Stems LVL 1 Remake PAD1 (000001535842B5E8)
[LOG] SoundI::release                          :     Stems LVL 1 Remake PAD1 (00000152C822D288)
[LOG] Codec::release                           : Free PCM Buffer
[LOG] SoundI::release                          :  (000001502D253378)
[LOG] SoundI::release                          :     Ui Sound (00000153530F89A8)
[LOG] Thread::callback                         : FMOD Studio update thread finished.
[LOG] Thread::callback                         : FMOD Studio bank load thread finished.
[LOG] Profile::disconnectAll                   : Profiler disconnecting all clients
[LOG] Thread::callback                         : FMOD Studio sample load thread finished.
[LOG] LiveUpdate::release                      : 
[LOG] LiveUpdate::reset                        : Reset connection (reason Disconnected)
[LOG] Thread::callback                         : FMOD stream thread finished.
[LOG] Thread::callback                         : FMOD mixer thread finished.
[LOG] Profile::disconnectAll                   : Profiler disconnecting all clients
[LOG] SystemI::close                           : Closed.
[LOG] Thread::callback                         : FMOD Studio bank load thread finished.
[LOG] Thread::callback                         : FMOD Studio sample load thread finished.
[LOG] LiveUpdate::release                      : 
[LOG] LiveUpdate::reset                        : Reset connection (reason Disconnected)
[LOG] Thread::callback                         : FMOD stream thread finished.
[LOG] Thread::callback                         : FMOD mixer thread finished.
[LOG] SystemI::close                           : Closed.
[LOG] Thread::callback                         : FMOD nonblocking thread (0) finished.
[LOG] Thread::callback                         : FMOD file thread finished.
